<?xml version="1.0" encoding="UTF-8"?>
<!-- Generated by org.testng.reporters.JUnitXMLReporter -->
<testsuite hostname="FVFWF0D5HV2H-2.local" ignored="0" name="Command line test" tests="1" failures="1" timestamp="2021-08-11T18:03:55 ICT" time="2.724" errors="0">
  <testcase name="networkHealthCheck" time="2.668" classname="testcases.NetworkHealthCheckTest">
    <failure type="java.lang.AssertionError" message="1 expectation failed.
Expected content-type &amp;quot;JSON&amp;quot; doesn&amp;apos;t match actual content-type &amp;quot;text/plain; charset=utf-8&amp;quot;.
">
      <![CDATA[java.lang.AssertionError: 1 expectation failed.
Expected content-type "JSON" doesn't match actual content-type "text/plain; charset=utf-8".

at org.codehaus.groovy.runtime.callsite.ConstructorSite$ConstructorSiteNoUnwrap.callConstructor(ConstructorSite.java:84)
at org.codehaus.groovy.runtime.callsite.CallSiteArray.defaultCallConstructor(CallSiteArray.java:59)
at org.codehaus.groovy.runtime.callsite.AbstractCallSite.callConstructor(AbstractCallSite.java:263)
at org.codehaus.groovy.runtime.callsite.AbstractCallSite.callConstructor(AbstractCallSite.java:277)
at io.restassured.internal.ResponseSpecificationImpl$HamcrestAssertionClosure.validate(ResponseSpecificationImpl.groovy:493)
at io.restassured.internal.ResponseSpecificationImpl$HamcrestAssertionClosure$validate$1.call(Unknown Source)
at org.codehaus.groovy.runtime.callsite.CallSiteArray.defaultCall(CallSiteArray.java:47)
at org.codehaus.groovy.runtime.callsite.AbstractCallSite.call(AbstractCallSite.java:125)
at org.codehaus.groovy.runtime.callsite.AbstractCallSite.call(AbstractCallSite.java:139)
at io.restassured.internal.ResponseSpecificationImpl.validate(ResponseSpecificationImpl.groovy:92)
at io.restassured.internal.ValidatableResponseOptionsImpl.spec(ValidatableResponseOptionsImpl.java:288)
at io.restassured.internal.ValidatableResponseImpl.super$2$spec(ValidatableResponseImpl.groovy)
at groovy.lang.MetaMethod.doMethodInvoke(MetaMethod.java:323)
at groovy.lang.MetaClassImpl.invokeMethod(MetaClassImpl.java:1268)
at org.codehaus.groovy.runtime.ScriptBytecodeAdapter.invokeMethodOnSuperN(ScriptBytecodeAdapter.java:144)
at io.restassured.internal.ValidatableResponseImpl.spec(ValidatableResponseImpl.groovy:76)
at io.restassured.internal.ValidatableResponseImpl.spec(ValidatableResponseImpl.groovy)
at commons.RestResource.post(RestResource.java:15)
at api.devices.deviceHealthCheck.networkHealthCheck.NetworkHealthCheckApi.post(NetworkHealthCheckApi.java:10)
at testcases.NetworkHealthCheckTest.networkHealthCheck(NetworkHealthCheckTest.java:27)
at java.util.ArrayList.forEach(ArrayList.java:1257)
... Removed 47 stack frames]]>
    </failure>
  </testcase> <!-- networkHealthCheck -->
</testsuite> <!-- Command line test -->
